----------

Thu Oct 22 2020 18:25:27 GMT-0500 (Central Daylight Time)

To github.com:soteloalarco/soteloalarco.github.io.git
   5aa586b..fa71be1  master -> master


----------

Thu Oct 22 2020 18:46:12 GMT-0500 (Central Daylight Time)

To github.com:soteloalarco/soteloalarco.github.io.git
 ! [rejected]        master -> master (fetch first)
error: failed to push some refs to 'git@github.com:soteloalarco/soteloalarco.github.io.git'


----------

Thu Oct 22 2020 18:46:12 GMT-0500 (Central Daylight Time)

hint: Updates were rejected because the remote contains work that you do
hint: not have locally. This is usually caused by another repository pushing
hint: to the same ref. You may want to first integrate the remote changes
hint: (e.g., 'git pull ...') before pushing again.
hint: See the 'Note about fast-forwards' in 'git push --help' for details.


----------

Thu Oct 22 2020 18:52:12 GMT-0500 (Central Daylight Time)

To github.com:soteloalarco/soteloalarco.github.io.git
   ea293ae..70cd8e3  master -> master


----------

Thu Oct 22 2020 20:26:13 GMT-0500 (Central Daylight Time)

To github.com:soteloalarco/soteloalarco.github.io.git
   c8198b7..4542c16  master -> master


----------

Thu Oct 22 2020 20:47:57 GMT-0500 (Central Daylight Time)

To github.com:soteloalarco/soteloalarco.github.io.git
   b0d0eb5..600759d  master -> master


----------

Fri Oct 23 2020 22:59:07 GMT-0500 (Central Daylight Time)

To github.com:soteloalarco/soteloalarco.github.io.git
 ! [rejected]        master -> master (fetch first)
error: failed to push some refs to 'git@github.com:soteloalarco/soteloalarco.github.io.git'


----------

Fri Oct 23 2020 22:59:07 GMT-0500 (Central Daylight Time)

hint: Updates were rejected because the remote contains work that you do
hint: not have locally. This is usually caused by another repository pushing
hint: to the same ref. You may want to first integrate the remote changes
hint: (e.g., 'git pull ...') before pushing again.
hint: See the 'Note about fast-forwards' in 'git push --help' for details.


----------

Fri Oct 23 2020 23:00:59 GMT-0500 (Central Daylight Time)

To github.com:soteloalarco/soteloalarco.github.io.git
   41bb3fb..71d3400  master -> master


----------

Mon Nov 02 2020 23:50:05 GMT-0600 (Central Standard Time)

To github.com:soteloalarco/soteloalarco.github.io.git
   71d3400..109de01  master -> master


----------

Mon Nov 02 2020 23:52:37 GMT-0600 (Central Standard Time)

To github.com:soteloalarco/soteloalarco.github.io.git
   109de01..99384a1  master -> master


----------

Thu Nov 05 2020 11:04:27 GMT-0600 (Central Standard Time)

To github.com:soteloalarco/soteloalarco.github.io.git
   97ffa33..f8b153a  master -> master


----------

Thu Nov 05 2020 11:25:01 GMT-0600 (Central Standard Time)

To github.com:soteloalarco/soteloalarco.github.io.git
   39b2b6b..f16fd80  master -> master


